demo-uhf_as/build/intermediates/manifest_merge_blame_file/debug/manifest-merger-blame-debug-report.txt
1<?xml version="1.0" encoding="utf-8"?>
2<manifest xmlns:android="http://schemas.android.com/apk/res/android"
3    package="com.example.uhf"
4    android:versionCode="1"
5    android:versionName="1.0" >
6
7    <uses-sdk
8        android:minSdkVersion="14"
8-->src/main/AndroidManifest.xml
9        android:targetSdkVersion="28" />
9-->src/main/AndroidManifest.xml
10
11    <uses-permission android:name="android.permission.WRITE_EXTERNAL_STORAGE" />
11-->src/main/AndroidManifest.xml:7:5-80
11-->src/main/AndroidManifest.xml:7:22-78
12    <uses-permission android:name="android.permission.BLUETOOTH" />
12-->src/main/AndroidManifest.xml:8:5-68
12-->src/main/AndroidManifest.xml:8:22-65
13
14    <application
14-->src/main/AndroidManifest.xml:9:5-26:19
15        android:allowBackup="true"
15-->src/main/AndroidManifest.xml:10:9-35
16        android:icon="@drawable/ic_launcher"
16-->src/main/AndroidManifest.xml:11:9-45
17        android:label="@string/app_name"
17-->src/main/AndroidManifest.xml:12:9-41
18        android:theme="@style/CustomTheme" >
18-->src/main/AndroidManifest.xml:13:9-43
19        <activity
19-->src/main/AndroidManifest.xml:14:9-23:20
20            android:name="com.example.uhf.activity.UHFMainActivity"
20-->src/main/AndroidManifest.xml:15:13-68
21            android:label="@string/app_name"
21-->src/main/AndroidManifest.xml:17:13-45
22            android:screenOrientation="portrait" >
22-->src/main/AndroidManifest.xml:16:13-49
23            <intent-filter>
23-->src/main/AndroidManifest.xml:18:13-22:29
24                <action android:name="android.intent.action.MAIN" />
24-->src/main/AndroidManifest.xml:19:17-69
24-->src/main/AndroidManifest.xml:19:25-66
25
26                <category android:name="android.intent.category.LAUNCHER" />
26-->src/main/AndroidManifest.xml:21:17-77
26-->src/main/AndroidManifest.xml:21:27-74
27            </intent-filter>
28        </activity>
29    </application>
30
31</manifest>